This is .bashrc
Currently Loaded Modulefiles:
  1) intel/19.1.1         4) git/2.31             7) netcdf-mpi/4.4.1
  2) impi/2019.7          5) cmake/3.18           8) fftw-mpi/3.3.9
  3) mkl/2020.1           6) hdf5-mpi/1.8.21      9) anaconda/3/2020.02
 - - - - - - - - - - - - - - - - - - - - - - - - - - - - - - - - -
  SEQ =    1 TIME SLICE  0.0000E+00
  PROCESSING INPUT.ncsx_c09r00_fixed
  THIS IS PARVMEC (PARALLEL VMEC), VERSION 9.0
  Lambda: Full Radial Mesh. L-Force: hybrid full/half.

  COMPUTER: cobra06   OS: linux   RELEASE: x86_64  DATE = Jul 19,2021  TIME = 20:46:55

  NS =    9 NO. FOURIER MODES =  137 FTOLV =  1.000E-06 NITER =   5000
  PROCESSOR COUNT - RADIAL:    4

  ITER    FSQR      FSQZ      FSQL    RAX(v=0)    DELT       WMHD

    1  6.22E+01  8.69E+00  4.35E-01  1.608E+00  9.00E-01  3.7768E+00
  200  1.11E-05  5.30E-06  3.55E-06  1.608E+00  2.54E-01  3.5203E+00
  282  9.92E-07  3.09E-07  7.55E-07  1.609E+00  2.54E-01  3.5201E+00

  NS =   29 NO. FOURIER MODES =  137 FTOLV =  1.000E-08 NITER =   5000
  PROCESSOR COUNT - RADIAL:   14

  ITER    FSQR      FSQZ      FSQL    RAX(v=0)    DELT       WMHD

    1  5.87E-02  2.42E-02  3.93E-04  1.609E+00  9.00E-01  3.5200E+00
  200  2.52E-08  7.82E-09  1.86E-08  1.609E+00  6.56E-01  3.5197E+00
  251  9.98E-09  3.47E-09  6.09E-09  1.609E+00  6.56E-01  3.5197E+00

  NS =   49 NO. FOURIER MODES =  137 FTOLV =  1.000E-10 NITER =   5000
  PROCESSOR COUNT - RADIAL:   24

  ITER    FSQR      FSQZ      FSQL    RAX(v=0)    DELT       WMHD

    1  8.36E-03  4.93E-03  7.51E-06  1.609E+00  9.00E-01  3.5196E+00
  200  2.39E-02  1.91E-02  6.83E-05  1.609E+00  6.18E-01  3.5196E+00
  400  7.97E-02  6.37E-02  2.29E-04  1.609E+00  6.18E-01  3.5197E+00
  600  2.77E-03  2.21E-03  7.99E-06  1.609E+00  6.18E-01  3.5196E+00
  800  3.81E-07  3.11E-07  1.98E-09  1.608E+00  6.18E-01  3.5196E+00
 1000  2.26E-09  5.56E-10  5.37E-10  1.608E+00  6.18E-01  3.5196E+00
 1200  7.93E-10  1.88E-10  1.53E-10  1.608E+00  6.18E-01  3.5196E+00
 1400  1.59E-10  2.85E-11  2.45E-11  1.608E+00  6.18E-01  3.5196E+00
 1450  9.90E-11  1.76E-11  1.52E-11  1.608E+00  6.18E-01  3.5196E+00

  NS =   99 NO. FOURIER MODES =  137 FTOLV =  1.000E-12 NITER =   5000
  PROCESSOR COUNT - RADIAL:   40

  ITER    FSQR      FSQZ      FSQL    RAX(v=0)    DELT       WMHD

    1  4.09E-02  2.54E-02  4.78E-06  1.608E+00  9.00E-01  3.5196E+00
  200  1.57E-04  1.23E-04  1.25E-06  1.608E+00  5.01E-01  3.5197E+00
  400  1.37E-08  4.07E-09  4.24E-09  1.608E+00  4.86E-01  3.5196E+00
  600  1.69E-09  3.44E-10  3.07E-10  1.608E+00  4.86E-01  3.5196E+00
  800  4.67E-10  9.86E-11  1.19E-10  1.608E+00  4.86E-01  3.5196E+00
 1000  1.65E-10  4.12E-11  2.52E-11  1.608E+00  4.86E-01  3.5196E+00
 1200  5.87E-11  1.23E-11  5.31E-12  1.608E+00  4.86E-01  3.5196E+00
 1400  2.25E-11  4.16E-12  1.62E-12  1.608E+00  4.86E-01  3.5196E+00
 1600  9.17E-12  1.63E-12  5.41E-13  1.608E+00  4.86E-01  3.5196E+00
 1800  3.13E-12  5.29E-13  1.92E-13  1.608E+00  4.86E-01  3.5196E+00
 1995  9.91E-13  1.44E-13  6.62E-14  1.608E+00  4.86E-01  3.5196E+00

 EXECUTION TERMINATED NORMALLY

 FILE : ncsx_c09r00_fixed
 NUMBER OF JACOBIAN RESETS =    5

    TOTAL COMPUTATIONAL TIME (SEC)         4.09
    TIME TO INPUT/OUTPUT                   0.11
       READ IN DATA                        0.01
       WRITE OUT DATA TO WOUT              0.10
    TIME IN FUNCT3D                        3.80
       BCOVAR FIELDS                       0.42
       FOURIER TRANSFORM                   0.55
       INVERSE FOURIER TRANSFORM           0.44
       FORCES AND SYMMETRIZE               0.19
       RESIDUE                             1.81
       EQFORCE                             0.00
 
 NO. OF PROCS:    40
 PARVMEC     :     T
 LPRECOND    :     F
 LV3FITCALL  :     F
                                  
================================= 
Global information about the job: 
================================= 
  
Job owner: mlan(29968)
Job name:  vmec
Node list: co1158
Job start: Mon Jul 19 20:46:51 CEST 2021
Job end:   Mon Jul 19 20:47:00 CEST 2021
Work dir:  /u/mlan/vmec_equilibria/NCSX/fixed_boundary_from_free_boundary/./
Command:   /cobra/u/mlan/vmec_equilibria/NCSX/fixed_boundary_from_free_boundary/job.vmec
  
  
  
==========================================================================================
Information on jobsteps (Note: MaxRSS/AveRSS is the maximum/average over all 
tasks of the per-task memory high-water marks; cf. "man sacct"): 
==========================================================================================
  
       JobID    JobName NNodes NTasks  NCPUS       MaxRSS       AveRSS    Elapsed ExitCode 
------------ ---------- ------ ------ ------ ------------ ------------ ---------- -------- 
4356068            vmec      1            80                             00:00:09      0:0 
4356068.0         xvmec      1     40     40       86.02M        2.46M   00:00:05      0:0 
  
Maximum memory per node: 3.5234 GB (defined as MaxRSS*Ntasks/NNodes)
CPU utilization: 33.3 %
     
